C:\Users\HK\.conda\envs\py311_rl\python.exe D:\tools\workspace_pycharm\SDDiP-RL\main_without_binary.py
[INFO] 2026-02-05 21:08:07,010 - sddip.sddip.sddipclassical_without_binary - #### SDDiP-Algorithm started ####
[INFO] 2026-02-05 21:08:07,010 - sddip.sddip.sddipclassical_without_binary - Iteration 1
[INFO] 2026-02-05 21:08:07,010 - sddip.sddip.sddipclassical_without_binary - Samples: [[0, 4, 2, 1, 0, 2, 2, 0, 0, 3, 1, 4, 1, 3, 5, 1, 5, 0, 5, 3, 2, 5, 1, 1], [0, 2, 0, 3, 4, 4, 1, 5, 2, 1, 2, 1, 1, 3, 5, 5, 4, 4, 1, 4, 0, 5, 5, 3], [0, 4, 3, 2, 1, 1, 0, 5, 4, 3, 1, 4, 5, 2, 0, 1, 3, 0, 4, 2, 2, 4, 5, 4]]
24
Set parameter LicenseID to value 2632536
t: 0, k: 0 n: 0
[1.0, 1.0, 1.0]
[71.52627531002818, 59.02627531002818, 66.52627531002818]
[[1.0, 0.0], [1.0, 0.0], [1.0, 0.0]]
[5.0]
t: 1, k: 0 n: 4
[1.0, 1.0, 1.0]
[50.0, 89.02627531002818, 85.80205774521147]
[[1.0, 1.0], [1.0, 1.0], [1.0, 1.0]]
[0.0]
t: 2, k: 0 n: 2
[1.0, 1.0, 1.0]
[50.0, 104.28815164465891, 49.80205774521147]
[[1.0, 1.0], [1.0, 1.0], [1.0, 1.0]]
[0.0]
t: 3, k: 0 n: 1
[0.0, 1.0, 1.0]
[0.0, 134.2881516446589, 50.272290018064325]
[[0.0, 1.0], [1.0, 1.0], [1.0, 1.0]]
[0.0]
t: 4, k: 0 n: 0
[-0.0, 1.0, 1.0]
[0.0, 140.02356180267813, 70.21197347255006]
[[-0.0, 0.0], [1.0, 1.0], [1.0, 1.0]]
[0.0]
t: 5, k: 0 n: 2
[-0.0, 1.0, 1.0]
[0.0, 92.19838312944773, 45.0]
[[-0.0, 0.0], [1.0, 1.0], [1.0, 1.0]]
[0.0]
t: 6, k: 0 n: 2
[-0.0, 1.0, 1.0]
[0.0, 122.19838312944773, 62.12157413196098]
[[-0.0, 0.0], [1.0, 1.0], [1.0, 1.0]]
[0.0]
t: 7, k: 0 n: 0
[-0.0, 1.0, 1.0]
[0.0, 110.25790934714004, 45.0]
[[-0.0, 0.0], [1.0, 1.0], [1.0, 1.0]]
[0.0]
t: 8, k: 0 n: 0
[-0.0, 1.0, 1.0]
[0.0, 140.25790934714004, 58.234237975439754]
[[-0.0, 0.0], [1.0, 1.0], [1.0, 1.0]]
[0.0]
t: 9, k: 0 n: 3
[-0.0, 1.0, 1.0]
[0.0, 99.675151228711, 45.0]
[[-0.0, 0.0], [1.0, 1.0], [1.0, 1.0]]
[0.0]
t: 10, k: 0 n: 1
[-0.0, 1.0, 1.0]
[0.0, 107.5213757023634, 45.0]
[[-0.0, 0.0], [1.0, 1.0], [1.0, 1.0]]
[0.0]
t: 11, k: 0 n: 4
[-0.0, 1.0, 1.0]
[0.0, 137.5213757023634, 48.94549477784972]
[[-0.0, 0.0], [1.0, 1.0], [1.0, 1.0]]
[0.0]
t: 12, k: 0 n: 1
[-0.0, 1.0, 1.0]
[0.0, 101.31668211876101, 45.0]
[[-0.0, 0.0], [1.0, 1.0], [1.0, 1.0]]
[0.0]
t: 13, k: 0 n: 3
[-0.0, 1.0, 1.0]
[0.0, 92.45246994127518, 45.0]
[[-0.0, 0.0], [1.0, 1.0], [1.0, 1.0]]
[0.0]
t: 14, k: 0 n: 5
[-0.0, 1.0, 1.0]
[0.0, 122.45246994127518, 71.89833717223951]
[[-0.0, 0.0], [1.0, 1.0], [1.0, 1.0]]
[0.0]
t: 15, k: 0 n: 1
[-0.0, 1.0, 1.0]
[0.0, 150.0, 61.54467851337583]
[[-0.0, 0.0], [1.0, 1.0], [1.0, 1.0]]
[0.0]
t: 16, k: 0 n: 5
[-0.0, 1.0, 1.0]
[0.0, 109.38283903924525, 45.0]
[[-0.0, 0.0], [1.0, 1.0], [1.0, 1.0]]
[0.0]
t: 17, k: 0 n: 0
[-0.0, 1.0, 1.0]
[0.0, 123.18165321651793, 45.0]
[[-0.0, 0.0], [1.0, 1.0], [1.0, 1.0]]
[0.0]
t: 18, k: 0 n: 5
[-0.0, 1.0, 1.0]
[0.0, 114.45714493201717, 45.0]
[[-0.0, 0.0], [1.0, 1.0], [1.0, 1.0]]
[0.0]
t: 19, k: 0 n: 3
[-0.0, 1.0, 1.0]
[0.0, 144.45714493201717, 59.48171538446863]
[[-0.0, 0.0], [1.0, 1.0], [1.0, 1.0]]
[0.0]
t: 20, k: 0 n: 2
[-0.0, 1.0, 1.0]
[0.0, 121.77314599461818, 45.0]
[[-0.0, 0.0], [1.0, 1.0], [1.0, 1.0]]
[0.0]
t: 21, k: 0 n: 5
[-0.0, 1.0, 1.0]
[0.0, 105.08430945272625, 45.0]
[[-0.0, 0.0], [1.0, 1.0], [1.0, 1.0]]
[0.0]
t: 22, k: 0 n: 1
[-0.0, 1.0, 1.0]
[0.0, 131.98211700928874, 45.0]
[[-0.0, 0.0], [1.0, 1.0], [1.0, 1.0]]
[0.0]
t: 23, k: 0 n: 1
[-0.0, 1.0, 1.0]
[0.0, 156.0, 52.092280678895804]
[[-0.0, 0.0], [1.0, 1.0], [1.0, 1.0]]
[9.0]
t: 0, k: 1 n: 0
[1.0, 1.0, 1.0]
[71.52627531002818, 59.02627531002818, 66.52627531002818]
[[1.0, 0.0], [1.0, 0.0], [1.0, 0.0]]
[5.0]
t: 1, k: 1 n: 2
[1.0, 1.0, 1.0]
[50.0, 89.02627531002818, 66.90916513738071]
[[1.0, 1.0], [1.0, 1.0], [1.0, 1.0]]
[0.0]
t: 2, k: 1 n: 0
[-0.0, 1.0, 1.0]
[0.0, 119.02627531002818, 75.31732899967542]
[[-0.0, 1.0], [1.0, 1.0], [1.0, 1.0]]
[0.0]
t: 3, k: 1 n: 3
[-0.0, 1.0, 1.0]
[0.0, 107.82915193398685, 45.0]
[[-0.0, 0.0], [1.0, 1.0], [1.0, 1.0]]
[0.0]
t: 4, k: 1 n: 4
[-0.0, 1.0, 1.0]
[0.0, 137.82915193398685, 59.041417533416904]
[[-0.0, 0.0], [1.0, 1.0], [1.0, 1.0]]
[0.0]
t: 5, k: 1 n: 4
[-0.0, 1.0, 1.0]
[0.0, 140.5038311258608, 45.0]
[[-0.0, 0.0], [1.0, 1.0], [1.0, 1.0]]
[0.0]
t: 6, k: 1 n: 1
[-0.0, 1.0, 1.0]
[0.0, 110.50383112586081, 45.0]
[[-0.0, 0.0], [1.0, 1.0], [1.0, 1.0]]
[2.0790981807327684]
t: 7, k: 1 n: 5
[-0.0, 1.0, 1.0]
[0.0, 109.23518548812163, 45.0]
[[-0.0, 0.0], [1.0, 1.0], [1.0, 1.0]]
[0.0]
t: 8, k: 1 n: 2
[-0.0, 1.0, 1.0]
[0.0, 139.23518548812163, 45.50881838314697]
[[-0.0, 0.0], [1.0, 1.0], [1.0, 1.0]]
[0.0]
t: 9, k: 1 n: 1
[-0.0, 1.0, 1.0]
[0.0, 118.40787723386927, 45.0]
[[-0.0, 0.0], [1.0, 1.0], [1.0, 1.0]]
[0.0]
t: 10, k: 1 n: 2
[-0.0, 1.0, 1.0]
[0.0, 142.69735104190812, 45.0]
[[-0.0, 0.0], [1.0, 1.0], [1.0, 1.0]]
[0.0]
t: 11, k: 1 n: 1
[-0.0, 1.0, 1.0]
[0.0, 124.65629662866533, 45.0]
[[-0.0, 0.0], [1.0, 1.0], [1.0, 1.0]]
[0.0]
t: 12, k: 1 n: 1
[-0.0, 1.0, 1.0]
[0.0, 101.31668211876101, 45.0]
[[-0.0, 0.0], [1.0, 1.0], [1.0, 1.0]]
[0.0]
t: 13, k: 1 n: 3
[-0.0, 1.0, 1.0]
[0.0, 92.45246994127518, 45.0]
[[-0.0, 0.0], [1.0, 1.0], [1.0, 1.0]]
[0.0]
t: 14, k: 1 n: 5
[-0.0, 1.0, 1.0]
[0.0, 122.45246994127518, 71.89833717223951]
[[-0.0, 0.0], [1.0, 1.0], [1.0, 1.0]]
[0.0]
t: 15, k: 1 n: 5
[-0.0, 1.0, 1.0]
[0.0, 150.0, 54.530818760587266]
[[-0.0, 0.0], [1.0, 1.0], [1.0, 1.0]]
[0.0]
t: 16, k: 1 n: 4
[-0.0, 1.0, 1.0]
[0.0, 135.69226995454613, 45.0]
[[-0.0, 0.0], [1.0, 1.0], [1.0, 1.0]]
[0.0]
t: 17, k: 1 n: 4
[-0.0, 1.0, 1.0]
[0.0, 150.0, 57.17182787618901]
[[-0.0, 0.0], [1.0, 1.0], [1.0, 1.0]]
[0.0]
t: 18, k: 1 n: 1
[-0.0, 1.0, 1.0]
[0.0, 107.44039974033643, 45.0]
[[-0.0, 0.0], [1.0, 1.0], [1.0, 1.0]]
[0.0]
t: 19, k: 1 n: 4
[-0.0, 1.0, 1.0]
[0.0, 137.44039974033643, 51.96252161018407]
[[-0.0, 0.0], [1.0, 1.0], [1.0, 1.0]]
[0.0]
t: 20, k: 1 n: 0
[-0.0, 1.0, 1.0]
[0.0, 142.55397592676934, 45.0]
[[-0.0, 0.0], [1.0, 1.0], [1.0, 1.0]]
[0.0]
t: 21, k: 1 n: 5
[-0.0, 1.0, 1.0]
[0.0, 105.08430945272625, 45.0]
[[-0.0, 0.0], [1.0, 1.0], [1.0, 1.0]]
[0.0]
t: 22, k: 1 n: 5
[-0.0, 1.0, 1.0]
[0.0, 124.10481519648158, 45.0]
[[-0.0, 0.0], [1.0, 1.0], [1.0, 1.0]]
[0.0]
t: 23, k: 1 n: 3
[-0.0, 1.0, 1.0]
[0.0, 156.0, 63.87340563444829]
[[-0.0, 0.0], [1.0, 1.0], [1.0, 1.0]]
[9.0]
t: 0, k: 2 n: 0
[1.0, 1.0, 1.0]
[71.52627531002818, 59.02627531002818, 66.52627531002818]
[[1.0, 0.0], [1.0, 0.0], [1.0, 0.0]]
[5.0]
t: 1, k: 2 n: 4
[1.0, 1.0, 1.0]
[50.0, 89.02627531002818, 85.80205774521147]
[[1.0, 1.0], [1.0, 1.0], [1.0, 1.0]]
[0.0]
t: 2, k: 2 n: 3
[0.0, 1.0, 1.0]
[0.0, 119.02627531002818, 67.90367243103307]
[[0.0, 1.0], [1.0, 1.0], [1.0, 1.0]]
[0.0]
t: 3, k: 2 n: 2
[-0.0, 1.0, 1.0]
[0.0, 124.45245906580959, 75.21451259261329]
[[-0.0, 0.0], [1.0, 1.0], [1.0, 1.0]]
[0.0]
t: 4, k: 2 n: 1
[-0.0, 1.0, 1.0]
[0.0, 129.39565813641738, 45.0]
[[-0.0, 0.0], [1.0, 1.0], [1.0, 1.0]]
[0.0]
t: 5, k: 2 n: 1
[-0.0, 1.0, 1.0]
[0.0, 131.60809087723158, 45.0]
[[-0.0, 0.0], [1.0, 1.0], [1.0, 1.0]]
[0.0]
t: 6, k: 2 n: 0
[-0.0, 1.0, 1.0]
[0.0, 115.1638962852737, 45.0]
[[-0.0, 0.0], [1.0, 1.0], [1.0, 1.0]]
[0.0]
t: 7, k: 2 n: 5
[-0.0, 1.0, 1.0]
[0.0, 111.10637385078113, 45.0]
[[-0.0, 0.0], [1.0, 1.0], [1.0, 1.0]]
[0.0]
t: 8, k: 2 n: 4
[-0.0, 1.0, 1.0]
[0.0, 106.2383618512317, 45.0]
[[-0.0, 0.0], [1.0, 1.0], [1.0, 1.0]]
[0.0]
t: 9, k: 2 n: 3
[-0.0, 1.0, 1.0]
[0.0, 99.675151228711, 45.0]
[[-0.0, 0.0], [1.0, 1.0], [1.0, 1.0]]
[0.0]
t: 10, k: 2 n: 1
[-0.0, 1.0, 1.0]
[0.0, 107.5213757023634, 45.0]
[[-0.0, 0.0], [1.0, 1.0], [1.0, 1.0]]
[0.0]
t: 11, k: 2 n: 4
[-0.0, 1.0, 1.0]
[0.0, 137.5213757023634, 48.94549477784972]
[[-0.0, 0.0], [1.0, 1.0], [1.0, 1.0]]
[0.0]
t: 12, k: 2 n: 5
[-0.0, 1.0, 1.0]
[0.0, 150.0, 47.3455054120638]
[[-0.0, 0.0], [1.0, 1.0], [1.0, 1.0]]
[0.0]
t: 13, k: 2 n: 2
[-0.0, 1.0, 1.0]
[0.0, 147.40491378200673, 45.0]
[[-0.0, 0.0], [1.0, 1.0], [1.0, 1.0]]
[0.0]
t: 14, k: 2 n: 0
[-0.0, 1.0, 1.0]
[0.0, 120.86436545361047, 45.0]
[[-0.0, 0.0], [1.0, 1.0], [1.0, 1.0]]
[0.0]
t: 15, k: 2 n: 1
[-0.0, 1.0, 1.0]
[0.0, 150.0, 61.54467851337583]
[[-0.0, 0.0], [1.0, 1.0], [1.0, 1.0]]
[0.0]
t: 16, k: 2 n: 3
[-0.0, 1.0, 1.0]
[0.0, 108.9199891152025, 45.0]
[[-0.0, 0.0], [1.0, 1.0], [1.0, 1.0]]
[0.0]
t: 17, k: 2 n: 0
[-0.0, 1.0, 1.0]
[0.0, 123.18165321651793, 45.0]
[[-0.0, 0.0], [1.0, 1.0], [1.0, 1.0]]
[0.0]
t: 18, k: 2 n: 4
[-0.0, 1.0, 1.0]
[0.0, 126.85995449215727, 45.0]
[[-0.0, 0.0], [1.0, 1.0], [1.0, 1.0]]
[0.0]
t: 19, k: 2 n: 2
[-0.0, 1.0, 1.0]
[0.0, 142.84578904921693, 51.70465858138384]
[[-0.0, 0.0], [1.0, 1.0], [1.0, 1.0]]
[0.0]
t: 20, k: 2 n: 2
[-0.0, 1.0, 1.0]
[0.0, 121.77314599461818, 45.0]
[[-0.0, 0.0], [1.0, 1.0], [1.0, 1.0]]
[0.0]
t: 21, k: 2 n: 4
[-0.0, 1.0, 1.0]
[0.0, 150.0, 55.02012517558404]
[[-0.0, 0.0], [1.0, 1.0], [1.0, 1.0]]
[0.0]
t: 22, k: 2 n: 5
[-0.0, 1.0, 1.0]
[0.0, 124.10481519648158, 45.0]
[[-0.0, 0.0], [1.0, 1.0], [1.0, 1.0]]
[0.0]
t: 23, k: 2 n: 4
[-0.0, 1.0, 1.0]
[0.0, 156.0, 61.89342847764641]
[[-0.0, 0.0], [1.0, 1.0], [1.0, 1.0]]
[9.0]

Process finished with exit code 0
